<?xml version="1.0" encoding="UTF-8"?>
<testsuite name="create user Utest.com for choucair login test" tests="1" skipped="0" failures="1" errors="0" timestamp="2021-10-19T17:40:07" hostname="CARLOSLOPEZ" time="33.184">
  <properties/>
  <testcase name="Create new user in Utest.com" classname="create user Utest.com for choucair login test" time="33.184">
    <failure message="net.thucydides.core.webdriver.exceptions.ElementShouldBeEnabledException: Expected enabled element was not enabled" type="net.thucydides.core.webdriver.exceptions.ElementShouldBeEnabledException">net.thucydides.core.webdriver.exceptions.ElementShouldBeEnabledException: Expected enabled element was not enabled
	at net.serenitybdd.core.pages.WebElementFacadeImpl.waitUntilEnabled(WebElementFacadeImpl.java:1149)
	at net.serenitybdd.core.pages.WebElementFacadeImpl.waitUntilElementAvailable(WebElementFacadeImpl.java:954)
	at net.serenitybdd.core.pages.WebElementFacadeImpl.click(WebElementFacadeImpl.java:1229)
	at net.serenitybdd.screenplay.actions.ClickOnTarget.performAs(ClickOnTarget.java:13)
	at net.serenitybdd.screenplay.actions.ClickOnTarget$ByteBuddy$SAL27q13.performAs$accessor$GltDwVg9(Unknown Source)
	at sun.reflect.NativeMethodAccessorImpl.invoke0(Native Method)
	at sun.reflect.NativeMethodAccessorImpl.invoke(NativeMethodAccessorImpl.java:62)
	at sun.reflect.DelegatingMethodAccessorImpl.invoke(DelegatingMethodAccessorImpl.java:43)
	at java.lang.reflect.Method.invoke(Method.java:498)
	at net.thucydides.core.steps.StepInterceptor.invokeMethod(StepInterceptor.java:471)
	at net.thucydides.core.steps.StepInterceptor.executeTestStepMethod(StepInterceptor.java:451)
	at net.thucydides.core.steps.StepInterceptor.runTestStep(StepInterceptor.java:424)
	at net.thucydides.core.steps.StepInterceptor.runOrSkipMethod(StepInterceptor.java:180)
	at net.thucydides.core.steps.StepInterceptor.testStepResult(StepInterceptor.java:167)
	at net.thucydides.core.steps.StepInterceptor.intercept(StepInterceptor.java:75)
	at net.serenitybdd.screenplay.actions.ClickOnTarget$ByteBuddy$SAL27q13.performAs(Unknown Source)
	at net.serenitybdd.screenplay.Actor.performTask(Actor.java:233)
	at net.serenitybdd.screenplay.Actor.perform(Actor.java:214)
	at net.serenitybdd.screenplay.Actor.attemptsTo(Actor.java:171)
	at co.com.choucair.certification.choucairPrueba.tasks.Password.performAs(Password.java:26)
	at co.com.choucair.certification.choucairPrueba.tasks.Password$ByteBuddy$KWIzuGIk.performAs$accessor$pJc72beK(Unknown Source)
	at sun.reflect.NativeMethodAccessorImpl.invoke0(Native Method)
	at sun.reflect.NativeMethodAccessorImpl.invoke(NativeMethodAccessorImpl.java:62)
	at sun.reflect.DelegatingMethodAccessorImpl.invoke(DelegatingMethodAccessorImpl.java:43)
	at java.lang.reflect.Method.invoke(Method.java:498)
	at net.thucydides.core.steps.StepInterceptor.invokeMethod(StepInterceptor.java:471)
	at net.thucydides.core.steps.StepInterceptor.executeTestStepMethod(StepInterceptor.java:451)
	at net.thucydides.core.steps.StepInterceptor.runTestStep(StepInterceptor.java:424)
	at net.thucydides.core.steps.StepInterceptor.runOrSkipMethod(StepInterceptor.java:180)
	at net.thucydides.core.steps.StepInterceptor.testStepResult(StepInterceptor.java:167)
	at net.thucydides.core.steps.StepInterceptor.intercept(StepInterceptor.java:75)
	at co.com.choucair.certification.choucairPrueba.tasks.Password$ByteBuddy$KWIzuGIk.performAs(Unknown Source)
	at net.serenitybdd.screenplay.Actor.performTask(Actor.java:233)
	at net.serenitybdd.screenplay.Actor.perform(Actor.java:214)
	at net.serenitybdd.screenplay.Actor.attemptsTo(Actor.java:171)
	at co.com.choucair.certification.choucairPrueba.stepdefinitions.UtestStepDefinitions.assigneeCityAndPasswordContinueUse(UtestStepDefinitions.java:35)
	at ✽.assignee  city and password continue use(src/test/resources/features/utest.feature:11)
Caused by: org.openqa.selenium.TimeoutException: Expected condition failed: waiting for By.xpath: //div[@id='certificaciones']//strong to be enabled (tried for 5 second(s) with 100 milliseconds interval)
	at org.openqa.selenium.support.ui.FluentWait.timeoutException(FluentWait.java:304)
	at org.openqa.selenium.support.ui.FluentWait.until(FluentWait.java:272)
	at net.serenitybdd.core.pages.WebElementFacadeImpl.waitUntilEnabled(WebElementFacadeImpl.java:1146)
	at net.serenitybdd.core.pages.WebElementFacadeImpl.waitUntilElementAvailable(WebElementFacadeImpl.java:954)
	at net.serenitybdd.core.pages.WebElementFacadeImpl.click(WebElementFacadeImpl.java:1229)
	at net.serenitybdd.screenplay.actions.ClickOnTarget.performAs(ClickOnTarget.java:13)
	at net.serenitybdd.screenplay.actions.ClickOnTarget$ByteBuddy$SAL27q13.performAs$accessor$GltDwVg9(Unknown Source)
	at sun.reflect.NativeMethodAccessorImpl.invoke0(Native Method)
	at sun.reflect.NativeMethodAccessorImpl.invoke(NativeMethodAccessorImpl.java:62)
	at sun.reflect.DelegatingMethodAccessorImpl.invoke(DelegatingMethodAccessorImpl.java:43)
	at java.lang.reflect.Method.invoke(Method.java:498)
	at net.thucydides.core.steps.StepInterceptor.invokeMethod(StepInterceptor.java:471)
	at net.thucydides.core.steps.StepInterceptor.executeTestStepMethod(StepInterceptor.java:451)
	at net.thucydides.core.steps.StepInterceptor.runTestStep(StepInterceptor.java:424)
	at net.thucydides.core.steps.StepInterceptor.runOrSkipMethod(StepInterceptor.java:180)
	at net.thucydides.core.steps.StepInterceptor.testStepResult(StepInterceptor.java:167)
	at net.thucydides.core.steps.StepInterceptor.intercept(StepInterceptor.java:75)
	at net.serenitybdd.screenplay.actions.ClickOnTarget$ByteBuddy$SAL27q13.performAs(Unknown Source)
	at net.serenitybdd.screenplay.Actor.performTask(Actor.java:233)
	at net.serenitybdd.screenplay.Actor.perform(Actor.java:214)
	at net.serenitybdd.screenplay.Actor.attemptsTo(Actor.java:171)
	at co.com.choucair.certification.choucairPrueba.tasks.Password.performAs(Password.java:26)
	at co.com.choucair.certification.choucairPrueba.tasks.Password$ByteBuddy$KWIzuGIk.performAs$accessor$pJc72beK(Unknown Source)
	at sun.reflect.NativeMethodAccessorImpl.invoke0(Native Method)
	at sun.reflect.NativeMethodAccessorImpl.invoke(NativeMethodAccessorImpl.java:62)
	at sun.reflect.DelegatingMethodAccessorImpl.invoke(DelegatingMethodAccessorImpl.java:43)
	at java.lang.reflect.Method.invoke(Method.java:498)
	at net.thucydides.core.steps.StepInterceptor.invokeMethod(StepInterceptor.java:471)
	at net.thucydides.core.steps.StepInterceptor.executeTestStepMethod(StepInterceptor.java:451)
	at net.thucydides.core.steps.StepInterceptor.runTestStep(StepInterceptor.java:424)
	at net.thucydides.core.steps.StepInterceptor.runOrSkipMethod(StepInterceptor.java:180)
	at net.thucydides.core.steps.StepInterceptor.testStepResult(StepInterceptor.java:167)
	at net.thucydides.core.steps.StepInterceptor.intercept(StepInterceptor.java:75)
	at co.com.choucair.certification.choucairPrueba.tasks.Password$ByteBuddy$KWIzuGIk.performAs(Unknown Source)
	at net.serenitybdd.screenplay.Actor.performTask(Actor.java:233)
	at net.serenitybdd.screenplay.Actor.perform(Actor.java:214)
	at net.serenitybdd.screenplay.Actor.attemptsTo(Actor.java:171)
	at co.com.choucair.certification.choucairPrueba.stepdefinitions.UtestStepDefinitions.assigneeCityAndPasswordContinueUse(UtestStepDefinitions.java:35)
	at sun.reflect.NativeMethodAccessorImpl.invoke0(Native Method)
	at sun.reflect.NativeMethodAccessorImpl.invoke(NativeMethodAccessorImpl.java:62)
	at sun.reflect.DelegatingMethodAccessorImpl.invoke(DelegatingMethodAccessorImpl.java:43)
	at java.lang.reflect.Method.invoke(Method.java:498)
	at cucumber.runtime.Utils$1.call(Utils.java:31)
	at cucumber.runtime.Timeout.timeout(Timeout.java:16)
	at cucumber.runtime.Utils.invoke(Utils.java:25)
	at cucumber.runtime.java.JavaStepDefinition.execute(JavaStepDefinition.java:37)
	at cucumber.runtime.StepDefinitionMatch.runStep(StepDefinitionMatch.java:40)
	at cucumber.api.TestStep.executeStep(TestStep.java:102)
	at cucumber.api.TestStep.run(TestStep.java:83)
	at cucumber.api.TestCase.run(TestCase.java:58)
	at cucumber.runner.Runner.runPickle(Runner.java:80)
	at cucumber.runtime.junit.PickleRunners$NoStepDescriptions.run(PickleRunners.java:140)
	at cucumber.runtime.junit.FeatureRunner.runChild(FeatureRunner.java:68)
	at cucumber.runtime.junit.FeatureRunner.runChild(FeatureRunner.java:23)
	at org.junit.runners.ParentRunner$3.run(ParentRunner.java:290)
	at org.junit.runners.ParentRunner$1.schedule(ParentRunner.java:71)
	at org.junit.runners.ParentRunner.runChildren(ParentRunner.java:288)
	at org.junit.runners.ParentRunner.access$000(ParentRunner.java:58)
	at org.junit.runners.ParentRunner$2.evaluate(ParentRunner.java:268)
	at org.junit.runners.ParentRunner.run(ParentRunner.java:363)
	at cucumber.runtime.junit.FeatureRunner.run(FeatureRunner.java:73)
	at cucumber.api.junit.Cucumber.runChild(Cucumber.java:118)
	at cucumber.api.junit.Cucumber.runChild(Cucumber.java:56)
	at org.junit.runners.ParentRunner$3.run(ParentRunner.java:290)
	at org.junit.runners.ParentRunner$1.schedule(ParentRunner.java:71)
	at org.junit.runners.ParentRunner.runChildren(ParentRunner.java:288)
	at org.junit.runners.ParentRunner.access$000(ParentRunner.java:58)
	at org.junit.runners.ParentRunner$2.evaluate(ParentRunner.java:268)
	at cucumber.api.junit.Cucumber$1.evaluate(Cucumber.java:127)
	at org.junit.runners.ParentRunner.run(ParentRunner.java:363)
	at org.gradle.api.internal.tasks.testing.junit.JUnitTestClassExecutor.runTestClass(JUnitTestClassExecutor.java:110)
	at org.gradle.api.internal.tasks.testing.junit.JUnitTestClassExecutor.execute(JUnitTestClassExecutor.java:58)
	at org.gradle.api.internal.tasks.testing.junit.JUnitTestClassExecutor.execute(JUnitTestClassExecutor.java:38)
	at org.gradle.api.internal.tasks.testing.junit.AbstractJUnitTestClassProcessor.processTestClass(AbstractJUnitTestClassProcessor.java:62)
	at org.gradle.api.internal.tasks.testing.SuiteTestClassProcessor.processTestClass(SuiteTestClassProcessor.java:51)
	at sun.reflect.NativeMethodAccessorImpl.invoke0(Native Method)
	at sun.reflect.NativeMethodAccessorImpl.invoke(NativeMethodAccessorImpl.java:62)
	at sun.reflect.DelegatingMethodAccessorImpl.invoke(DelegatingMethodAccessorImpl.java:43)
	at java.lang.reflect.Method.invoke(Method.java:498)
	at org.gradle.internal.dispatch.ReflectionDispatch.dispatch(ReflectionDispatch.java:36)
	at org.gradle.internal.dispatch.ReflectionDispatch.dispatch(ReflectionDispatch.java:24)
	at org.gradle.internal.dispatch.ContextClassLoaderDispatch.dispatch(ContextClassLoaderDispatch.java:33)
	at org.gradle.internal.dispatch.ProxyDispatchAdapter$DispatchingInvocationHandler.invoke(ProxyDispatchAdapter.java:94)
	at com.sun.proxy.$Proxy2.processTestClass(Unknown Source)
	at org.gradle.api.internal.tasks.testing.worker.TestWorker.processTestClass(TestWorker.java:119)
	at sun.reflect.NativeMethodAccessorImpl.invoke0(Native Method)
	at sun.reflect.NativeMethodAccessorImpl.invoke(NativeMethodAccessorImpl.java:62)
	at sun.reflect.DelegatingMethodAccessorImpl.invoke(DelegatingMethodAccessorImpl.java:43)
	at java.lang.reflect.Method.invoke(Method.java:498)
	at org.gradle.internal.dispatch.ReflectionDispatch.dispatch(ReflectionDispatch.java:36)
	at org.gradle.internal.dispatch.ReflectionDispatch.dispatch(ReflectionDispatch.java:24)
	at org.gradle.internal.remote.internal.hub.MessageHubBackedObjectConnection$DispatchWrapper.dispatch(MessageHubBackedObjectConnection.java:182)
	at org.gradle.internal.remote.internal.hub.MessageHubBackedObjectConnection$DispatchWrapper.dispatch(MessageHubBackedObjectConnection.java:164)
	at org.gradle.internal.remote.internal.hub.MessageHub$Handler.run(MessageHub.java:414)
	at org.gradle.internal.concurrent.ExecutorPolicy$CatchAndRecordFailures.onExecute(ExecutorPolicy.java:64)
	at org.gradle.internal.concurrent.ManagedExecutorImpl$1.run(ManagedExecutorImpl.java:48)
	at java.util.concurrent.ThreadPoolExecutor.runWorker(ThreadPoolExecutor.java:1149)
	at java.util.concurrent.ThreadPoolExecutor$Worker.run(ThreadPoolExecutor.java:624)
	at org.gradle.internal.concurrent.ThreadFactoryImpl$ManagedThreadRunnable.run(ThreadFactoryImpl.java:56)
	at java.lang.Thread.run(Thread.java:748)
Caused by: org.openqa.selenium.NoSuchElementException: no such element: Unable to locate element: {&quot;method&quot;:&quot;xpath&quot;,&quot;selector&quot;:&quot;//div[@id='certificaciones']//strong&quot;}
  (Session info: chrome=94.0.4606.81)
For documentation on this error, please visit: https://www.seleniumhq.org/exceptions/no_such_element.html
Build info: version: '3.141.59', revision: 'e82be7d358', time: '2018-11-14T08:17:03'
System info: host: 'CARLOSLOPEZ', ip: '192.168.100.31', os.name: 'Windows 10', os.arch: 'amd64', os.version: '10.0', java.version: '1.8.0_302'
Driver info: org.openqa.selenium.chrome.ChromeDriver
Capabilities {acceptInsecureCerts: false, browserName: chrome, browserVersion: 94.0.4606.81, chrome: {chromedriverVersion: 94.0.4606.41 (333e85df3c9b6..., userDataDir: C:\Users\CARLOS~1.LOP\AppDa...}, goog:chromeOptions: {debuggerAddress: localhost:65391}, javascriptEnabled: true, networkConnectionEnabled: false, pageLoadStrategy: normal, platform: WINDOWS, platformName: WINDOWS, proxy: Proxy(), setWindowRect: true, strictFileInteractability: false, timeouts: {implicit: 0, pageLoad: 300000, script: 30000}, unhandledPromptBehavior: dismiss and notify, webauthn:extension:credBlob: true, webauthn:extension:largeBlob: true, webauthn:virtualAuthenticators: true}
Session ID: 953ae284d3598f06c7c0b08e97145bb0
*** Element info: {Using=xpath, value=//div[@id='certificaciones']//strong}
	at sun.reflect.NativeConstructorAccessorImpl.newInstance0(Native Method)
	at sun.reflect.NativeConstructorAccessorImpl.newInstance(NativeConstructorAccessorImpl.java:62)
	at sun.reflect.DelegatingConstructorAccessorImpl.newInstance(DelegatingConstructorAccessorImpl.java:45)
	at java.lang.reflect.Constructor.newInstance(Constructor.java:423)
	at org.openqa.selenium.remote.http.W3CHttpResponseCodec.createException(W3CHttpResponseCodec.java:187)
	at org.openqa.selenium.remote.http.W3CHttpResponseCodec.decode(W3CHttpResponseCodec.java:122)
	at org.openqa.selenium.remote.http.W3CHttpResponseCodec.decode(W3CHttpResponseCodec.java:49)
	at org.openqa.selenium.remote.HttpCommandExecutor.execute(HttpCommandExecutor.java:158)
	at org.openqa.selenium.remote.service.DriverCommandExecutor.execute(DriverCommandExecutor.java:83)
	at org.openqa.selenium.remote.RemoteWebDriver.execute(RemoteWebDriver.java:552)
	at org.openqa.selenium.remote.RemoteWebDriver.findElement(RemoteWebDriver.java:323)
	at org.openqa.selenium.remote.RemoteWebDriver.findElementByXPath(RemoteWebDriver.java:428)
	at org.openqa.selenium.By$ByXPath.findElement(By.java:353)
	at org.openqa.selenium.remote.RemoteWebDriver.findElement(RemoteWebDriver.java:315)
	at net.thucydides.core.webdriver.WebDriverFacade.findElement(WebDriverFacade.java:222)
	at net.serenitybdd.core.pages.WebElementResolverByLocator.resolveForDriver(WebElementResolverByLocator.java:18)
	at net.serenitybdd.core.pages.WebElementFacadeImpl.getElement(WebElementFacadeImpl.java:221)
	at net.serenitybdd.core.pages.WebElementExpectations$3.apply(WebElementExpectations.java:63)
	at net.serenitybdd.core.pages.WebElementExpectations$3.apply(WebElementExpectations.java:55)
	at org.openqa.selenium.support.ui.FluentWait.until(FluentWait.java:249)
	... 98 more
</failure>
  </testcase>
  <system-out><![CDATA[]]></system-out>
  <system-err><![CDATA[[Test worker] WARN net.thucydides.core.steps.BaseStepListener - stepStarted: net.thucydides.core.steps.ExecutedStepDescription@1f173951
[Test worker] WARN net.thucydides.core.steps.BaseStepListener - stepStarted: net.thucydides.core.steps.ExecutedStepDescription@74d9e525
[Test worker] WARN net.thucydides.core.steps.BaseStepListener - stepStarted: net.thucydides.core.steps.ExecutedStepDescription@56156d04
oct 19, 2021 12:40:08 PM org.openqa.selenium.remote.DesiredCapabilities chrome
INFORMACIÓN: Using `new ChromeOptions()` is preferred to `DesiredCapabilities.chrome()`
[Test worker] INFO net.serenitybdd.core.webdriver.driverproviders.ProvideNewDriver - Instantiating driver
[Test worker] INFO net.serenitybdd.core.webdriver.driverproviders.ProvideNewDriver - Driver capabilities: Capabilities {acceptInsecureCerts: false, browserName: chrome, chrome.switches: --start-maximized, goog:chromeOptions: {args: [--start-maximized], extensions: []}, loggingPrefs: org.openqa.selenium.logging..., platform: ANY, version: }
Starting ChromeDriver 94.0.4606.41 (333e85df3c9b656b518b5f1add5ff246365b6c24-refs/branch-heads/4606@{#845}) on port 48974
Only local connections are allowed.
Please see https://chromedriver.chromium.org/security-considerations for suggestions on keeping ChromeDriver safe.
ChromeDriver was started successfully.
oct 19, 2021 12:40:11 PM org.openqa.selenium.remote.ProtocolHandshake createSession
INFORMACIÓN: Detected dialect: W3C
[Test worker] WARN net.thucydides.core.steps.BaseStepListener - stepFinished: current outcome:Create new user in Utest.com:Given than Carlos wants to create user in utest
| strFirstName | strLastName | strEmailAddress | month | day | year | lang |
| Carlos Alberto | Lopez Mazo | dwalshp_j832c@pebih.com | July | 14 | 1997 | spanish | [Carlos open up [Carlos opens the Utest home page]]
[Test worker] WARN net.thucydides.core.steps.BaseStepListener - stepFinished: current outcome:Create new user in Utest.com:Given than Carlos wants to create user in utest
| strFirstName | strLastName | strEmailAddress | month | day | year | lang |
| Carlos Alberto | Lopez Mazo | dwalshp_j832c@pebih.com | July | 14 | 1997 | spanish | [Carlos open up [Carlos opens the Utest home page]]
[Test worker] WARN net.thucydides.core.steps.BaseStepListener - stepStarted: net.thucydides.core.steps.ExecutedStepDescription@5d0f4b72
[Test worker] WARN net.thucydides.core.steps.BaseStepListener - stepStarted: net.thucydides.core.steps.ExecutedStepDescription@476d4342
[Test worker] WARN net.thucydides.core.steps.BaseStepListener - stepFinished: current outcome:Create new user in Utest.com:Given than Carlos wants to create user in utest
| strFirstName | strLastName | strEmailAddress | month | day | year | lang |
| Carlos Alberto | Lopez Mazo | dwalshp_j832c@pebih.com | July | 14 | 1997 | spanish | [Carlos open up [Carlos opens the Utest home page], Carlos register [Carlos clicks on Button that shows us the form to login]]
[Test worker] WARN net.thucydides.core.steps.BaseStepListener - stepStarted: net.thucydides.core.steps.ExecutedStepDescription@56029127
[Test worker] WARN net.thucydides.core.steps.BaseStepListener - stepFinished: current outcome:Create new user in Utest.com:Given than Carlos wants to create user in utest
| strFirstName | strLastName | strEmailAddress | month | day | year | lang |
| Carlos Alberto | Lopez Mazo | dwalshp_j832c@pebih.com | July | 14 | 1997 | spanish | [Carlos open up [Carlos opens the Utest home page], Carlos register [Carlos clicks on Button that shows us the form to login, Carlos enters 'Carlos Alberto' into Input space first name]]
[Test worker] WARN net.thucydides.core.steps.BaseStepListener - stepStarted: net.thucydides.core.steps.ExecutedStepDescription@4bacc416
[Test worker] WARN net.thucydides.core.steps.BaseStepListener - stepFinished: current outcome:Create new user in Utest.com:Given than Carlos wants to create user in utest
| strFirstName | strLastName | strEmailAddress | month | day | year | lang |
| Carlos Alberto | Lopez Mazo | dwalshp_j832c@pebih.com | July | 14 | 1997 | spanish | [Carlos open up [Carlos opens the Utest home page], Carlos register [Carlos clicks on Button that shows us the form to login, Carlos enters 'Carlos Alberto' into Input space first name, Carlos enters 'Lopez Mazo' into Input space last name]]
[Test worker] WARN net.thucydides.core.steps.BaseStepListener - stepStarted: net.thucydides.core.steps.ExecutedStepDescription@34e71c90
[Test worker] WARN net.thucydides.core.steps.BaseStepListener - stepFinished: current outcome:Create new user in Utest.com:Given than Carlos wants to create user in utest
| strFirstName | strLastName | strEmailAddress | month | day | year | lang |
| Carlos Alberto | Lopez Mazo | dwalshp_j832c@pebih.com | July | 14 | 1997 | spanish | [Carlos open up [Carlos opens the Utest home page], Carlos register [Carlos clicks on Button that shows us the form to login, Carlos enters 'Carlos Alberto' into Input space first name, Carlos enters 'Lopez Mazo' into Input space last name, Carlos enters 'dwalshp_j832c@pebih.com' into Input space email]]
[Test worker] WARN net.thucydides.core.steps.BaseStepListener - stepStarted: net.thucydides.core.steps.ExecutedStepDescription@215cf157
[Test worker] WARN net.thucydides.core.steps.BaseStepListener - stepFinished: current outcome:Create new user in Utest.com:Given than Carlos wants to create user in utest
| strFirstName | strLastName | strEmailAddress | month | day | year | lang |
| Carlos Alberto | Lopez Mazo | dwalshp_j832c@pebih.com | July | 14 | 1997 | spanish | [Carlos open up [Carlos opens the Utest home page], Carlos register [Carlos clicks on Button that shows us the form to login, Carlos enters 'Carlos Alberto' into Input space first name, Carlos enters 'Lopez Mazo' into Input space last name, Carlos enters 'dwalshp_j832c@pebih.com' into Input space email, Carlos enters '14' into Input space birth day]]
[Test worker] WARN net.thucydides.core.steps.BaseStepListener - stepStarted: net.thucydides.core.steps.ExecutedStepDescription@294ffc2
[Test worker] WARN net.thucydides.core.steps.BaseStepListener - stepFinished: current outcome:Create new user in Utest.com:Given than Carlos wants to create user in utest
| strFirstName | strLastName | strEmailAddress | month | day | year | lang |
| Carlos Alberto | Lopez Mazo | dwalshp_j832c@pebih.com | July | 14 | 1997 | spanish | [Carlos open up [Carlos opens the Utest home page], Carlos register [Carlos clicks on Button that shows us the form to login, Carlos enters 'Carlos Alberto' into Input space first name, Carlos enters 'Lopez Mazo' into Input space last name, Carlos enters 'dwalshp_j832c@pebih.com' into Input space email, Carlos enters '14' into Input space birth day, Carlos enters 'July' into Input space birth month]]
[Test worker] WARN net.thucydides.core.steps.BaseStepListener - stepStarted: net.thucydides.core.steps.ExecutedStepDescription@2f47f18d
[Test worker] WARN net.thucydides.core.steps.BaseStepListener - stepFinished: current outcome:Create new user in Utest.com:Given than Carlos wants to create user in utest
| strFirstName | strLastName | strEmailAddress | month | day | year | lang |
| Carlos Alberto | Lopez Mazo | dwalshp_j832c@pebih.com | July | 14 | 1997 | spanish | [Carlos open up [Carlos opens the Utest home page], Carlos register [Carlos clicks on Button that shows us the form to login, Carlos enters 'Carlos Alberto' into Input space first name, Carlos enters 'Lopez Mazo' into Input space last name, Carlos enters 'dwalshp_j832c@pebih.com' into Input space email, Carlos enters '14' into Input space birth day, Carlos enters 'July' into Input space birth month, Carlos enters '1997' into Input space birth year]]
[Test worker] WARN net.thucydides.core.steps.BaseStepListener - stepStarted: net.thucydides.core.steps.ExecutedStepDescription@134b2af8
[Test worker] WARN net.thucydides.core.steps.BaseStepListener - stepFinished: current outcome:Create new user in Utest.com:Given than Carlos wants to create user in utest
| strFirstName | strLastName | strEmailAddress | month | day | year | lang |
| Carlos Alberto | Lopez Mazo | dwalshp_j832c@pebih.com | July | 14 | 1997 | spanish | [Carlos open up [Carlos opens the Utest home page], Carlos register [Carlos clicks on Button that shows us the form to login, Carlos enters 'Carlos Alberto' into Input space first name, Carlos enters 'Lopez Mazo' into Input space last name, Carlos enters 'dwalshp_j832c@pebih.com' into Input space email, Carlos enters '14' into Input space birth day, Carlos enters 'July' into Input space birth month, Carlos enters '1997' into Input space birth year, Carlos clicks on Button that shows us the form to login]]
[Test worker] WARN net.thucydides.core.steps.BaseStepListener - stepFinished: current outcome:Create new user in Utest.com:Given than Carlos wants to create user in utest
| strFirstName | strLastName | strEmailAddress | month | day | year | lang |
| Carlos Alberto | Lopez Mazo | dwalshp_j832c@pebih.com | July | 14 | 1997 | spanish | [Carlos open up [Carlos opens the Utest home page], Carlos register [Carlos clicks on Button that shows us the form to login, Carlos enters 'Carlos Alberto' into Input space first name, Carlos enters 'Lopez Mazo' into Input space last name, Carlos enters 'dwalshp_j832c@pebih.com' into Input space email, Carlos enters '14' into Input space birth day, Carlos enters 'July' into Input space birth month, Carlos enters '1997' into Input space birth year, Carlos clicks on Button that shows us the form to login]]
[Test worker] WARN net.thucydides.core.steps.BaseStepListener - stepFinished: current outcome:Create new user in Utest.com:Given than Carlos wants to create user in utest
| strFirstName | strLastName | strEmailAddress | month | day | year | lang |
| Carlos Alberto | Lopez Mazo | dwalshp_j832c@pebih.com | July | 14 | 1997 | spanish | [Carlos open up [Carlos opens the Utest home page], Carlos register [Carlos clicks on Button that shows us the form to login, Carlos enters 'Carlos Alberto' into Input space first name, Carlos enters 'Lopez Mazo' into Input space last name, Carlos enters 'dwalshp_j832c@pebih.com' into Input space email, Carlos enters '14' into Input space birth day, Carlos enters 'July' into Input space birth month, Carlos enters '1997' into Input space birth year, Carlos clicks on Button that shows us the form to login]]
[Test worker] WARN net.thucydides.core.steps.BaseStepListener - stepStarted: net.thucydides.core.steps.ExecutedStepDescription@7f30c88f
[Test worker] WARN net.thucydides.core.steps.BaseStepListener - stepStarted: net.thucydides.core.steps.ExecutedStepDescription@57890e06
[Test worker] WARN net.thucydides.core.steps.BaseStepListener - stepStarted: net.thucydides.core.steps.ExecutedStepDescription@35f00d4e
[Test worker] WARN net.thucydides.core.steps.BaseStepListener - stepFinished: current outcome:Create new user in Utest.com:Given than Carlos wants to create user in utest
| strFirstName | strLastName | strEmailAddress | month | day | year | lang |
| Carlos Alberto | Lopez Mazo | dwalshp_j832c@pebih.com | July | 14 | 1997 | spanish | [Carlos open up [Carlos opens the Utest home page], Carlos register [Carlos clicks on Button that shows us the form to login, Carlos enters 'Carlos Alberto' into Input space first name, Carlos enters 'Lopez Mazo' into Input space last name, Carlos enters 'dwalshp_j832c@pebih.com' into Input space email, Carlos enters '14' into Input space birth day, Carlos enters 'July' into Input space birth month, Carlos enters '1997' into Input space birth year, Carlos clicks on Button that shows us the form to login]], When assignee  city and password continue use
| strPassword | strConfirmPassword | strCity | strZip |
| 1357Carl+ | 1357Carl+ | Armenia | 630001 | [Carlos location [Carlos enters 'Armenia' into Input space city]]
[Test worker] WARN net.thucydides.core.steps.BaseStepListener - stepStarted: net.thucydides.core.steps.ExecutedStepDescription@4103d1af
[Test worker] WARN net.thucydides.core.steps.BaseStepListener - stepFinished: current outcome:Create new user in Utest.com:Given than Carlos wants to create user in utest
| strFirstName | strLastName | strEmailAddress | month | day | year | lang |
| Carlos Alberto | Lopez Mazo | dwalshp_j832c@pebih.com | July | 14 | 1997 | spanish | [Carlos open up [Carlos opens the Utest home page], Carlos register [Carlos clicks on Button that shows us the form to login, Carlos enters 'Carlos Alberto' into Input space first name, Carlos enters 'Lopez Mazo' into Input space last name, Carlos enters 'dwalshp_j832c@pebih.com' into Input space email, Carlos enters '14' into Input space birth day, Carlos enters 'July' into Input space birth month, Carlos enters '1997' into Input space birth year, Carlos clicks on Button that shows us the form to login]], When assignee  city and password continue use
| strPassword | strConfirmPassword | strCity | strZip |
| 1357Carl+ | 1357Carl+ | Armenia | 630001 | [Carlos location [Carlos enters 'Armenia' into Input space city, Carlos enters '630001' into Input space city]]
[Test worker] WARN net.thucydides.core.steps.BaseStepListener - stepStarted: net.thucydides.core.steps.ExecutedStepDescription@1b5b9ee4
[Test worker] WARN net.thucydides.core.steps.BaseStepListener - stepFinished: current outcome:Create new user in Utest.com:Given than Carlos wants to create user in utest
| strFirstName | strLastName | strEmailAddress | month | day | year | lang |
| Carlos Alberto | Lopez Mazo | dwalshp_j832c@pebih.com | July | 14 | 1997 | spanish | [Carlos open up [Carlos opens the Utest home page], Carlos register [Carlos clicks on Button that shows us the form to login, Carlos enters 'Carlos Alberto' into Input space first name, Carlos enters 'Lopez Mazo' into Input space last name, Carlos enters 'dwalshp_j832c@pebih.com' into Input space email, Carlos enters '14' into Input space birth day, Carlos enters 'July' into Input space birth month, Carlos enters '1997' into Input space birth year, Carlos clicks on Button that shows us the form to login]], When assignee  city and password continue use
| strPassword | strConfirmPassword | strCity | strZip |
| 1357Carl+ | 1357Carl+ | Armenia | 630001 | [Carlos location [Carlos enters 'Armenia' into Input space city, Carlos enters '630001' into Input space city, Carlos clicks on Button that shows us the form to login]]
[Test worker] WARN net.thucydides.core.steps.BaseStepListener - stepFinished: current outcome:Create new user in Utest.com:Given than Carlos wants to create user in utest
| strFirstName | strLastName | strEmailAddress | month | day | year | lang |
| Carlos Alberto | Lopez Mazo | dwalshp_j832c@pebih.com | July | 14 | 1997 | spanish | [Carlos open up [Carlos opens the Utest home page], Carlos register [Carlos clicks on Button that shows us the form to login, Carlos enters 'Carlos Alberto' into Input space first name, Carlos enters 'Lopez Mazo' into Input space last name, Carlos enters 'dwalshp_j832c@pebih.com' into Input space email, Carlos enters '14' into Input space birth day, Carlos enters 'July' into Input space birth month, Carlos enters '1997' into Input space birth year, Carlos clicks on Button that shows us the form to login]], When assignee  city and password continue use
| strPassword | strConfirmPassword | strCity | strZip |
| 1357Carl+ | 1357Carl+ | Armenia | 630001 | [Carlos location [Carlos enters 'Armenia' into Input space city, Carlos enters '630001' into Input space city, Carlos clicks on Button that shows us the form to login]]
[Test worker] WARN net.thucydides.core.steps.BaseStepListener - stepStarted: net.thucydides.core.steps.ExecutedStepDescription@15b62f98
[Test worker] WARN net.thucydides.core.steps.BaseStepListener - stepStarted: net.thucydides.core.steps.ExecutedStepDescription@7dfe0e4f
[Test worker] WARN net.thucydides.core.steps.BaseStepListener - stepStarted: net.thucydides.core.steps.ExecutedStepDescription@93494
[Test worker] WARN net.thucydides.core.steps.BaseStepListener - testFinished: Create new user in Utest.com:Given than Carlos wants to create user in utest
| strFirstName | strLastName | strEmailAddress | month | day | year | lang |
| Carlos Alberto | Lopez Mazo | dwalshp_j832c@pebih.com | July | 14 | 1997 | spanish | [Carlos open up [Carlos opens the Utest home page], Carlos register [Carlos clicks on Button that shows us the form to login, Carlos enters 'Carlos Alberto' into Input space first name, Carlos enters 'Lopez Mazo' into Input space last name, Carlos enters 'dwalshp_j832c@pebih.com' into Input space email, Carlos enters '14' into Input space birth day, Carlos enters 'July' into Input space birth month, Carlos enters '1997' into Input space birth year, Carlos clicks on Button that shows us the form to login]], When assignee  city and password continue use
| strPassword | strConfirmPassword | strCity | strZip |
| 1357Carl+ | 1357Carl+ | Armenia | 630001 | [Carlos location [Carlos enters 'Armenia' into Input space city, Carlos enters '630001' into Input space city, Carlos clicks on Button that shows us the form to login], Carlos password [Carlos clicks on Button that shows Cursos y Certificaciones]], Then he finds the page init
| strConfirmPage |
| Aun no lo se |
[Test worker] WARN net.thucydides.core.steps.BaseStepListener - TestOutcomes: [Create new user in Utest.com:Given than Carlos wants to create user in utest
| strFirstName | strLastName | strEmailAddress | month | day | year | lang |
| Carlos Alberto | Lopez Mazo | dwalshp_j832c@pebih.com | July | 14 | 1997 | spanish | [Carlos open up [Carlos opens the Utest home page], Carlos register [Carlos clicks on Button that shows us the form to login, Carlos enters 'Carlos Alberto' into Input space first name, Carlos enters 'Lopez Mazo' into Input space last name, Carlos enters 'dwalshp_j832c@pebih.com' into Input space email, Carlos enters '14' into Input space birth day, Carlos enters 'July' into Input space birth month, Carlos enters '1997' into Input space birth year, Carlos clicks on Button that shows us the form to login]], When assignee  city and password continue use
| strPassword | strConfirmPassword | strCity | strZip |
| 1357Carl+ | 1357Carl+ | Armenia | 630001 | [Carlos location [Carlos enters 'Armenia' into Input space city, Carlos enters '630001' into Input space city, Carlos clicks on Button that shows us the form to login], Carlos password [Carlos clicks on Button that shows Cursos y Certificaciones]], Then he finds the page init
| strConfirmPage |
| Aun no lo se |]
[Test worker] WARN net.thucydides.core.steps.BaseStepListener - Final testOutcomes: [Create new user in Utest.com:Given than Carlos wants to create user in utest
| strFirstName | strLastName | strEmailAddress | month | day | year | lang |
| Carlos Alberto | Lopez Mazo | dwalshp_j832c@pebih.com | July | 14 | 1997 | spanish | [Carlos open up [Carlos opens the Utest home page], Carlos register [Carlos clicks on Button that shows us the form to login, Carlos enters 'Carlos Alberto' into Input space first name, Carlos enters 'Lopez Mazo' into Input space last name, Carlos enters 'dwalshp_j832c@pebih.com' into Input space email, Carlos enters '14' into Input space birth day, Carlos enters 'July' into Input space birth month, Carlos enters '1997' into Input space birth year, Carlos clicks on Button that shows us the form to login]], When assignee  city and password continue use
| strPassword | strConfirmPassword | strCity | strZip |
| 1357Carl+ | 1357Carl+ | Armenia | 630001 | [Carlos location [Carlos enters 'Armenia' into Input space city, Carlos enters '630001' into Input space city, Carlos clicks on Button that shows us the form to login], Carlos password [Carlos clicks on Button that shows Cursos y Certificaciones]], Then he finds the page init
| strConfirmPage |
| Aun no lo se |]
[Test worker] ERROR net.thucydides.core.steps.ConsoleLoggingListener - 
           __  _____ _____ ____ _____   _____ _    ___ _     _____ ____  
  _       / / |_   _| ____/ ___|_   _| |  ___/ \  |_ _| |   | ____|  _ \ 
 (_)_____| |    | | |  _| \___ \ | |   | |_ / _ \  | || |   |  _| | | | |
  _|_____| |    | | | |___ ___) || |   |  _/ ___ \ | || |___| |___| |_| |
 (_)     | |    |_| |_____|____/ |_|   |_|/_/   \_\___|_____|_____|____/ 
          \_\                                                            

TEST FAILED: Create new user in Utest.com
--------------------------------------------------------------------------
[Test worker] ERROR net.thucydides.core.steps.ConsoleLoggingListener - TEST FAILED AT STEP Carlos clicks on Button that shows Cursos y Certificaciones
[Test worker] ERROR net.thucydides.core.steps.ConsoleLoggingListener - Expected enabled element was not enabled
]]></system-err>
</testsuite>
