<?xml version="1.0" encoding="UTF-8"?><testsuite errors="0" failures="1" name="create user Utest.com for choucair login test" skipped="0" tests="1" time="45.26" timestamp="2021-10-22 10:47:07"><testcase name="Create new user in Utest.com"><failure message="Expected enabled element was not enabled" type="net.thucydides.core.webdriver.exceptions.ElementShouldBeEnabledException">Expected enabled element was not enabled</failure><system-err>Expected enabled element was not enabled&#13;
co.com.choucair.certification.choucairPrueba.tasks.Password.performAs(Password.java:26)&#13;
co.com.choucair.certification.choucairPrueba.stepdefinitions.UtestStepDefinitions.assigneeCityAndPasswordContinueUse(UtestStepDefinitions.java:33)&#13;
cucumber.runner.Runner.runPickle(Runner.java:80)&#13;
</system-err></testcase></testsuite>